<?xml version="1.0" encoding="UTF-8"?>
<!-- Generated by org.testng.reporters.JUnitXMLReporter -->
<testsuite hostname="CDC2-D-CJJQXJ2" ignored="1" name="Google Test" tests="1" failures="0" timestamp="05 Oct 2018 03:42:26 GMT" time="0.35" errors="0">
  <testcase name="GoogleNewsTest" time="0.011" classname="dataprovider.NewTest2"/>
  <testcase name="GoogleMailTest" time="0.0" classname="dataprovider.NewTest2">
    <ignored/>
  </testcase> <!-- GoogleMailTest -->
</testsuite> <!-- Google Test -->
