<?xml version="1.0" encoding="UTF-8"?>
<testng-results skipped="0" failed="0" ignored="1" total="4" passed="3">
  <reporter-output>
  </reporter-output>
  <suite name="My sample suite" duration-ms="525" started-at="2018-10-05T03:42:25Z" finished-at="2018-10-05T03:42:26Z">
    <groups>
    </groups>
    <test name="Google Test" duration-ms="350" started-at="2018-10-05T03:42:25Z" finished-at="2018-10-05T03:42:26Z">
      <class name="dataprovider.NewTest2">
        <test-method status="PASS" signature="beforeTest()[pri:0, instance:dataprovider.NewTest2@4520ebad]" name="beforeTest" is-config="true" duration-ms="1" started-at="2018-10-05T03:42:25Z" finished-at="2018-10-05T03:42:25Z">
          <reporter-output>
          </reporter-output>
        </test-method> <!-- beforeTest -->
        <test-method status="PASS" signature="beforeClass()[pri:0, instance:dataprovider.NewTest2@4520ebad]" name="beforeClass" is-config="true" duration-ms="0" started-at="2018-10-05T03:42:25Z" finished-at="2018-10-05T03:42:25Z">
          <reporter-output>
          </reporter-output>
        </test-method> <!-- beforeClass -->
        <test-method status="PASS" signature="beforeMethod()[pri:0, instance:dataprovider.NewTest2@4520ebad]" name="beforeMethod" is-config="true" duration-ms="1" started-at="2018-10-05T03:42:26Z" finished-at="2018-10-05T03:42:26Z">
          <reporter-output>
          </reporter-output>
        </test-method> <!-- beforeMethod -->
        <test-method status="PASS" signature="GoogleNewsTest()[pri:0, instance:dataprovider.NewTest2@4520ebad]" name="GoogleNewsTest" duration-ms="11" started-at="2018-10-05T03:42:26Z" finished-at="2018-10-05T03:42:26Z">
          <reporter-output>
          </reporter-output>
        </test-method> <!-- GoogleNewsTest -->
        <test-method status="PASS" signature="afterMethod()[pri:0, instance:dataprovider.NewTest2@4520ebad]" name="afterMethod" is-config="true" duration-ms="0" started-at="2018-10-05T03:42:26Z" finished-at="2018-10-05T03:42:26Z">
          <reporter-output>
          </reporter-output>
        </test-method> <!-- afterMethod -->
        <test-method status="PASS" signature="afterClass()[pri:0, instance:dataprovider.NewTest2@4520ebad]" name="afterClass" is-config="true" duration-ms="1" started-at="2018-10-05T03:42:26Z" finished-at="2018-10-05T03:42:26Z">
          <reporter-output>
          </reporter-output>
        </test-method> <!-- afterClass -->
        <test-method status="PASS" signature="afterTest()[pri:0, instance:dataprovider.NewTest2@4520ebad]" name="afterTest" is-config="true" duration-ms="0" started-at="2018-10-05T03:42:26Z" finished-at="2018-10-05T03:42:26Z">
          <reporter-output>
          </reporter-output>
        </test-method> <!-- afterTest -->
      </class> <!-- dataprovider.NewTest2 -->
    </test> <!-- Google Test -->
    <test name="Yahoo Test" duration-ms="18" started-at="2018-10-05T03:42:26Z" finished-at="2018-10-05T03:42:26Z">
      <class name="dataprovider.NewTest3">
        <test-method status="PASS" signature="beforeTest()[pri:0, instance:dataprovider.NewTest3@26653222]" name="beforeTest" is-config="true" duration-ms="0" started-at="2018-10-05T03:42:26Z" finished-at="2018-10-05T03:42:26Z">
          <reporter-output>
          </reporter-output>
        </test-method> <!-- beforeTest -->
        <test-method status="PASS" signature="beforeMethod()[pri:0, instance:dataprovider.NewTest3@26653222]" name="beforeMethod" is-config="true" duration-ms="0" started-at="2018-10-05T03:42:26Z" finished-at="2018-10-05T03:42:26Z">
          <reporter-output>
          </reporter-output>
        </test-method> <!-- beforeMethod -->
        <test-method status="PASS" signature="yahooMailTest()[pri:0, instance:dataprovider.NewTest3@26653222]" name="yahooMailTest" duration-ms="1" started-at="2018-10-05T03:42:26Z" finished-at="2018-10-05T03:42:26Z">
          <reporter-output>
          </reporter-output>
        </test-method> <!-- yahooMailTest -->
        <test-method status="PASS" signature="afterMethod()[pri:0, instance:dataprovider.NewTest3@26653222]" name="afterMethod" is-config="true" duration-ms="1" started-at="2018-10-05T03:42:26Z" finished-at="2018-10-05T03:42:26Z">
          <reporter-output>
          </reporter-output>
        </test-method> <!-- afterMethod -->
        <test-method status="PASS" signature="yahooNewsTest()[pri:0, instance:dataprovider.NewTest3@26653222]" name="yahooNewsTest" duration-ms="3" started-at="2018-10-05T03:42:26Z" finished-at="2018-10-05T03:42:26Z">
          <reporter-output>
          </reporter-output>
        </test-method> <!-- yahooNewsTest -->
        <test-method status="PASS" signature="beforeMethod()[pri:0, instance:dataprovider.NewTest3@26653222]" name="beforeMethod" is-config="true" duration-ms="0" started-at="2018-10-05T03:42:26Z" finished-at="2018-10-05T03:42:26Z">
          <reporter-output>
          </reporter-output>
        </test-method> <!-- beforeMethod -->
        <test-method status="PASS" signature="afterMethod()[pri:0, instance:dataprovider.NewTest3@26653222]" name="afterMethod" is-config="true" duration-ms="1" started-at="2018-10-05T03:42:26Z" finished-at="2018-10-05T03:42:26Z">
          <reporter-output>
          </reporter-output>
        </test-method> <!-- afterMethod -->
        <test-method status="PASS" signature="afterClass()[pri:0, instance:dataprovider.NewTest3@26653222]" name="afterClass" is-config="true" duration-ms="1" started-at="2018-10-05T03:42:26Z" finished-at="2018-10-05T03:42:26Z">
          <reporter-output>
          </reporter-output>
        </test-method> <!-- afterClass -->
        <test-method status="PASS" signature="afterTest()[pri:0, instance:dataprovider.NewTest3@26653222]" name="afterTest" is-config="true" duration-ms="0" started-at="2018-10-05T03:42:26Z" finished-at="2018-10-05T03:42:26Z">
          <reporter-output>
          </reporter-output>
        </test-method> <!-- afterTest -->
      </class> <!-- dataprovider.NewTest3 -->
      <class name="dataprovider.NewTest2">
        <test-method status="PASS" signature="beforeSuite()[pri:0, instance:dataprovider.NewTest2@4520ebad]" name="beforeSuite" is-config="true" duration-ms="180" started-at="2018-10-05T03:42:25Z" finished-at="2018-10-05T03:42:25Z">
          <reporter-output>
          </reporter-output>
        </test-method> <!-- beforeSuite -->
        <test-method status="PASS" signature="afterSuite()[pri:0, instance:dataprovider.NewTest2@4520ebad]" name="afterSuite" is-config="true" duration-ms="1" started-at="2018-10-05T03:42:26Z" finished-at="2018-10-05T03:42:26Z">
          <reporter-output>
          </reporter-output>
        </test-method> <!-- afterSuite -->
      </class> <!-- dataprovider.NewTest2 -->
    </test> <!-- Yahoo Test -->
  </suite> <!-- My sample suite -->
</testng-results>
