<?xml version="1.0" encoding="UTF-8"?>
<testng-results skipped="0" failed="0" ignored="0" total="1" passed="1">
  <reporter-output>
  </reporter-output>
  <suite name="Default suite" duration-ms="60453" started-at="2018-10-04T05:31:55Z" finished-at="2018-10-04T05:32:55Z">
    <groups>
    </groups>
    <test name="Default test" duration-ms="60453" started-at="2018-10-04T05:31:55Z" finished-at="2018-10-04T05:32:55Z">
      <class name="testng.NewTest">
        <test-method status="PASS" signature="beforeMethod()[pri:0, instance:testng.NewTest@6767c1fc]" name="beforeMethod" is-config="true" duration-ms="42139" started-at="2018-10-04T05:31:55Z" finished-at="2018-10-04T05:32:37Z">
          <reporter-output>
          </reporter-output>
        </test-method> <!-- beforeMethod -->
        <test-method status="PASS" signature="f()[pri:0, instance:testng.NewTest@6767c1fc]" name="f" duration-ms="14022" started-at="2018-10-04T05:32:37Z" finished-at="2018-10-04T05:32:51Z">
          <reporter-output>
          </reporter-output>
        </test-method> <!-- f -->
        <test-method status="PASS" signature="afterMethod()[pri:0, instance:testng.NewTest@6767c1fc]" name="afterMethod" is-config="true" duration-ms="4219" started-at="2018-10-04T05:32:51Z" finished-at="2018-10-04T05:32:55Z">
          <reporter-output>
          </reporter-output>
        </test-method> <!-- afterMethod -->
      </class> <!-- testng.NewTest -->
    </test> <!-- Default test -->
  </suite> <!-- Default suite -->
</testng-results>
